2004.08.30 10:37 B C:\Documents and Settings\J. W. Aitken\My Documents\Token photos\Scottish\1112.jpg --> ftp.plus.net /htdocs/tokens 1112.jpg
2004.08.30 10:37 B C:\Documents and Settings\J. W. Aitken\My Documents\Token photos\Scottish\1112back.jpg --> ftp.plus.net /htdocs/tokens 1112back.jpg
2004.08.30 10:46 B C:\Documents and Settings\J. W. Aitken\My Documents\Token photos\Scottish\1112.jpg --> ftp.plus.net /htdocs/tokens 1112.jpg
2004.08.30 10:46 B C:\Documents and Settings\J. W. Aitken\My Documents\Token photos\Scottish\1112back.jpg --> ftp.plus.net /htdocs/tokens 1112back.jpg
2004.09.25 14:09 B C:\Documents and Settings\J. W. Aitken\My Documents\Token photos\Scottish\144a.jpg --> ftp.plus.net /htdocs/tokens 144a.jpg
2004.09.25 14:09 B C:\Documents and Settings\J. W. Aitken\My Documents\Token photos\Scottish\144aback.jpg --> ftp.plus.net /htdocs/tokens 144aback.jpg
2004.09.25 14:10 B C:\Documents and Settings\J. W. Aitken\My Documents\Token photos\Scottish\443a.jpg --> ftp.plus.net /htdocs/tokens 443a.jpg
2004.09.25 14:10 B C:\Documents and Settings\J. W. Aitken\My Documents\Token photos\Scottish\443aback.jpg --> ftp.plus.net /htdocs/tokens 443aback.jpg
2004.09.25 14:10 B C:\Documents and Settings\J. W. Aitken\My Documents\Token photos\Scottish\793d.jpg --> ftp.plus.net /htdocs/tokens 793d.jpg
2004.09.25 14:10 B C:\Documents and Settings\J. W. Aitken\My Documents\Token photos\Scottish\793dback.jpg --> ftp.plus.net /htdocs/tokens 793dback.jpg
2005.09.04 16:19 B C:\Documents and Settings\J. W. Aitken\My Documents\Token photos\Scottish\270p.jpg --> ftp.plus.net /htdocs/tokens 270p.jpg
2005.09.04 16:19 B C:\Documents and Settings\J. W. Aitken\My Documents\Token photos\Scottish\270pback.jpg --> ftp.plus.net /htdocs/tokens 270pback.jpg
2005.11.11 11:28 B C:\Documents and Settings\J. W. Aitken\My Documents\Token photos\Scottish\505s.jpg --> ftp.plus.net /htdocs/tokens 505s.jpg
2005.11.11 11:29 B C:\Documents and Settings\J. W. Aitken\My Documents\Token photos\Scottish\505sback.jpg --> ftp.plus.net /htdocs/tokens 505sback.jpg
2005.11.11 11:29 B C:\Documents and Settings\J. W. Aitken\My Documents\Token photos\Scottish\512e.jpg --> ftp.plus.net /htdocs/tokens 512e.jpg
2005.11.11 11:29 B C:\Documents and Settings\J. W. Aitken\My Documents\Token photos\Scottish\512eback.jpg --> ftp.plus.net /htdocs/tokens 512eback.jpg
2005.11.11 11:43 B C:\Documents and Settings\J. W. Aitken\My Documents\Token photos\Scottish\1730a.jpg --> ftp.plus.net /htdocs/tokens 1730a.jpg
2005.11.11 11:43 B C:\Documents and Settings\J. W. Aitken\My Documents\Token photos\Scottish\1730aback.jpg --> ftp.plus.net /htdocs/tokens 1730aback.jpg
2005.11.11 11:47 B C:\Documents and Settings\J. W. Aitken\My Documents\Token photos\Scottish\1730b.jpg --> ftp.plus.net /htdocs/tokens 1730b.jpg
2005.11.11 11:48 B C:\Documents and Settings\J. W. Aitken\My Documents\Token photos\Scottish\1730bback.jpg --> ftp.plus.net /htdocs/tokens 1730bback.jpg
2005.11.11 13:32 B C:\Documents and Settings\J. W. Aitken\My Documents\Token photos\Scottish\pglayrshire.jpg --> ftp.plus.net /htdocs/tokens pglayrshire.jpg
2005.11.11 13:32 B C:\Documents and Settings\J. W. Aitken\My Documents\Token photos\Scottish\pglayrshireback.jpg --> ftp.plus.net /htdocs/tokens pglayrshireback.jpg
2005.11.11 13:32 B C:\Documents and Settings\J. W. Aitken\My Documents\Token photos\Scottish\pglbanffshire.jpg --> ftp.plus.net /htdocs/tokens pglbanffshire.jpg
2005.11.11 13:32 B C:\Documents and Settings\J. W. Aitken\My Documents\Token photos\Scottish\pglbanffshireback.jpg --> ftp.plus.net /htdocs/tokens pglbanffshireback.jpg
2005.11.11 16:51 B C:\Documents and Settings\J. W. Aitken\My Documents\Token photos\Scottish\199.jpg --> ftp.plus.net /htdocs/tokens 199.jpg
2005.11.11 16:51 B C:\Documents and Settings\J. W. Aitken\My Documents\Token photos\Scottish\199a.jpg --> ftp.plus.net /htdocs/tokens 199a.jpg
2005.11.12 03:02 B C:\Documents and Settings\J. W. Aitken\My Documents\Token photos\Scottish\1345.jpg --> ftp.plus.net /htdocs/tokens 1345.jpg
2005.11.12 03:02 B C:\Documents and Settings\J. W. Aitken\My Documents\Token photos\Scottish\1345back.jpg --> ftp.plus.net /htdocs/tokens 1345back.jpg
2005.11.12 03:06 B C:\Documents and Settings\J. W. Aitken\My Documents\Token photos\Scottish\1408.jpg --> ftp.plus.net /htdocs/tokens 1408.jpg
2005.11.12 03:06 B C:\Documents and Settings\J. W. Aitken\My Documents\Token photos\Scottish\1408back.jpg --> ftp.plus.net /htdocs/tokens 1408back.jpg
2005.11.12 03:21 B C:\Documents and Settings\J. W. Aitken\My Documents\Token photos\Scottish\49a.jpg --> ftp.plus.net /htdocs/tokens 49a.jpg
2005.11.12 03:21 B C:\Documents and Settings\J. W. Aitken\My Documents\Token photos\Scottish\49aback.jpg --> ftp.plus.net /htdocs/tokens 49aback.jpg
2005.11.12 03:23 B C:\Documents and Settings\J. W. Aitken\My Documents\Token photos\Scottish\48back.jpg --> ftp.plus.net /htdocs/tokens 48back.jpg
2005.11.12 03:25 B C:\Documents and Settings\J. W. Aitken\My Documents\Token photos\Scottish\47.jpg --> ftp.plus.net /htdocs/tokens 47.jpg
2005.11.12 03:25 B C:\Documents and Settings\J. W. Aitken\My Documents\Token photos\Scottish\47back.jpg --> ftp.plus.net /htdocs/tokens 47back.jpg
2005.11.12 03:25 B C:\Documents and Settings\J. W. Aitken\My Documents\Token photos\Scottish\48.jpg --> ftp.plus.net /htdocs/tokens 48.jpg
2005.11.12 03:25 B C:\Documents and Settings\J. W. Aitken\My Documents\Token photos\Scottish\48back.jpg --> ftp.plus.net /htdocs/tokens 48back.jpg
2006.08.09 17:10 B C:\Documents and Settings\J. W. Aitken\My Documents\Token photos\Scottish\573a.jpg --> ftp.plus.net /htdocs/tokens 573a.jpg
2006.08.09 17:10 B C:\Documents and Settings\J. W. Aitken\My Documents\Token photos\Scottish\573aback.jpg --> ftp.plus.net /htdocs/tokens 573aback.jpg
2006.08.20 18:13 B C:\Documents and Settings\J. W. Aitken\My Documents\Token photos\Scottish\1253.jpg --> ftp.plus.net /htdocs/tokens 1253.jpg
2006.08.20 18:13 B C:\Documents and Settings\J. W. Aitken\My Documents\Token photos\Scottish\1253back.jpg --> ftp.plus.net /htdocs/tokens 1253back.jpg
2006.12.01 17:50 B C:\Documents and Settings\J. W. Aitken\My Documents\Token photos\Scottish\746.jpg --> ftp.plus.net /htdocs/tokens 746.jpg
2006.12.01 17:50 B C:\Documents and Settings\J. W. Aitken\My Documents\Token photos\Scottish\746back.jpg --> ftp.plus.net /htdocs/tokens 746back.jpg
2006.12.01 17:50 B C:\Documents and Settings\J. W. Aitken\My Documents\Token photos\Scottish\753a.jpg --> ftp.plus.net /htdocs/tokens 753a.jpg
2006.12.01 17:50 B C:\Documents and Settings\J. W. Aitken\My Documents\Token photos\Scottish\753aback.jpg --> ftp.plus.net /htdocs/tokens 753aback.jpg
2006.12.01 17:54 B C:\Documents and Settings\J. W. Aitken\My Documents\Token photos\Scottish\716.jpg --> ftp.plus.net /htdocs/tokens 716.jpg
2006.12.01 17:54 B C:\Documents and Settings\J. W. Aitken\My Documents\Token photos\Scottish\716a.jpg --> ftp.plus.net /htdocs/tokens 716a.jpg
2006.12.01 17:54 B C:\Documents and Settings\J. W. Aitken\My Documents\Token photos\Scottish\716aback.jpg --> ftp.plus.net /htdocs/tokens 716aback.jpg
2006.12.01 17:54 B C:\Documents and Settings\J. W. Aitken\My Documents\Token photos\Scottish\716back.jpg --> ftp.plus.net /htdocs/tokens 716back.jpg
2006.12.01 17:54 B C:\Documents and Settings\J. W. Aitken\My Documents\Token photos\Scottish\720.jpg --> ftp.plus.net /htdocs/tokens 720.jpg
2006.12.01 17:54 B C:\Documents and Settings\J. W. Aitken\My Documents\Token photos\Scottish\720back.jpg --> ftp.plus.net /htdocs/tokens 720back.jpg
2006.12.01 17:54 B C:\Documents and Settings\J. W. Aitken\My Documents\Token photos\Scottish\728.jpg --> ftp.plus.net /htdocs/tokens 728.jpg
2006.12.01 17:54 B C:\Documents and Settings\J. W. Aitken\My Documents\Token photos\Scottish\728back.jpg --> ftp.plus.net /htdocs/tokens 728back.jpg
2006.12.30 15:02 B C:\Documents and Settings\J. W. Aitken\My Documents\Token photos\Scottish\0.jpg --> ftp.plus.net /htdocs/tokens 0.jpg
2006.12.30 15:02 B C:\Documents and Settings\J. W. Aitken\My Documents\Token photos\Scottish\0a.jpg --> ftp.plus.net /htdocs/tokens 0a.jpg
2006.12.30 15:03 B C:\Documents and Settings\J. W. Aitken\My Documents\Token photos\Scottish\0aback.jpg --> ftp.plus.net /htdocs/tokens 0aback.jpg
2006.12.30 15:03 B C:\Documents and Settings\J. W. Aitken\My Documents\Token photos\Scottish\0back.jpg --> ftp.plus.net /htdocs/tokens 0back.jpg
2006.12.30 15:03 B C:\Documents and Settings\J. W. Aitken\My Documents\Token photos\Scottish\1.2.jpg --> ftp.plus.net /htdocs/tokens 1.2.jpg
2006.12.30 15:03 B C:\Documents and Settings\J. W. Aitken\My Documents\Token photos\Scottish\1.2back.jpg --> ftp.plus.net /htdocs/tokens 1.2back.jpg
2006.12.30 15:04 B C:\Documents and Settings\J. W. Aitken\My Documents\Token photos\Scottish\2.jpg --> ftp.plus.net /htdocs/tokens 2.jpg
2006.12.30 15:04 B C:\Documents and Settings\J. W. Aitken\My Documents\Token photos\Scottish\2a.jpg --> ftp.plus.net /htdocs/tokens 2a.jpg
2006.12.30 15:04 B C:\Documents and Settings\J. W. Aitken\My Documents\Token photos\Scottish\2aback.jpg --> ftp.plus.net /htdocs/tokens 2aback.jpg
2006.12.30 15:04 B C:\Documents and Settings\J. W. Aitken\My Documents\Token photos\Scottish\2back.jpg --> ftp.plus.net /htdocs/tokens 2back.jpg
2006.12.30 15:04 B C:\Documents and Settings\J. W. Aitken\My Documents\Token photos\Scottish\3.2.jpg --> ftp.plus.net /htdocs/tokens 3.2.jpg
2006.12.30 15:04 B C:\Documents and Settings\J. W. Aitken\My Documents\Token photos\Scottish\3.2back.jpg --> ftp.plus.net /htdocs/tokens 3.2back.jpg
2006.12.30 15:04 B C:\Documents and Settings\J. W. Aitken\My Documents\Token photos\Scottish\3.jpg --> ftp.plus.net /htdocs/tokens 3.jpg
2006.12.30 15:05 B C:\Documents and Settings\J. W. Aitken\My Documents\Token photos\Scottish\4.jpg --> ftp.plus.net /htdocs/tokens 4.jpg
2006.12.30 15:06 B C:\Documents and Settings\J. W. Aitken\My Documents\Token photos\Scottish\4back.jpg --> ftp.plus.net /htdocs/tokens 4back.jpg
2006.12.30 15:06 B C:\Documents and Settings\J. W. Aitken\My Documents\Token photos\Scottish\5.jpg --> ftp.plus.net /htdocs/tokens 5.jpg
2006.12.30 15:06 B C:\Documents and Settings\J. W. Aitken\My Documents\Token photos\Scottish\5back.jpg --> ftp.plus.net /htdocs/tokens 5back.jpg
